{"name": "Тестирование раздела \"Вопросы о важном\"", "status": "broken", "statusDetails": {"message": "selenium.common.exceptions.TimeoutException: Message: \nStacktrace:\nRemoteError@chrome://remote/content/shared/RemoteError.sys.mjs:8:8\nWebDriverError@chrome://remote/content/shared/webdriver/Errors.sys.mjs:197:5\nNoSuchElementError@chrome://remote/content/shared/webdriver/Errors.sys.mjs:527:5\ndom.find/</<@chrome://remote/content/shared/DOM.sys.mjs:136:16", "trace": "self = <test_main_page.TestMainPageFaq object at 0x102925e50>\ndriver = <selenium.webdriver.firefox.webdriver.WebDriver (session=\"775d3042-d8b0-42fe-8e5d-06c3aa7c1158\")>, question_number = 2\nexpected_answer = 'Пока что у нас так: один заказ — один самокат. Если хотите покататься с друзьями, можете просто сделать несколько заказов — один за другим.'\n\n    @allure.title('Тестирование раздела \"Вопросы о важном\"')\n    @allure.description('Проверка корректности отображения текста после раскрытия каждого вопроса в разделе FAQ')\n    @pytest.mark.parametrize('question_number, expected_answer', TestData.FAQ)\n    def test_click_faq_expand_icons_text_is_expected(self, driver, question_number, expected_answer):\n        main_page = MainPage(driver)\n        main_page.scroll_to_faq_section()\n        main_page.wait_visibility_of_faq_items(question_number)\n        main_page.click_on_faq_items(question_number)\n>       main_page.wait_visibility_of_faq_answer(question_number)\n\ntest/test_main_page.py:19: \n_ _ _ _ _ _ _ _ _ _ _ _ _ _ _ _ _ _ _ _ _ _ _ _ _ _ _ _ _ _ _ _ _ _ _ _ _ _ _ _ _ _ _ _ _ _ _ _ _ _ _ _ _ _ _ _ _ _ _ _ _ _ _ _ _ _ _ _ _ _ _ _ _ _ _ _ _ _ _ _ _\npages/main_page.py:54: in wait_visibility_of_faq_answer\n    self.wait_visibility_of_element(MainPageLocators.ANSWERS[data])\npages/base_page.py:26: in wait_visibility_of_element\n    return WebDriverWait(self.driver, 6).until(expected_conditions.visibility_of_element_located(locator))\n_ _ _ _ _ _ _ _ _ _ _ _ _ _ _ _ _ _ _ _ _ _ _ _ _ _ _ _ _ _ _ _ _ _ _ _ _ _ _ _ _ _ _ _ _ _ _ _ _ _ _ _ _ _ _ _ _ _ _ _ _ _ _ _ _ _ _ _ _ _ _ _ _ _ _ _ _ _ _ _ _\n\nself = <selenium.webdriver.support.wait.WebDriverWait (session=\"775d3042-d8b0-42fe-8e5d-06c3aa7c1158\")>\nmethod = <function visibility_of_element_located.<locals>._predicate at 0x1029d3ce0>, message = ''\n\n    def until(self, method: Callable[[D], Union[Literal[False], T]], message: str = \"\") -> T:\n        \"\"\"Wait until the method returns a value that is not False.\n    \n        Calls the method provided with the driver as an argument until the\n        return value does not evaluate to ``False``.\n    \n        Parameters:\n        ----------\n        method: callable(WebDriver)\n            - A callable object that takes a WebDriver instance as an argument.\n    \n        message: str\n            - Optional message for :exc:`TimeoutException`\n    \n        Return:\n        -------\n        object: T\n            - The result of the last call to `method`\n    \n        Raises:\n        -------\n        TimeoutException\n            - If 'method' does not return a truthy value within the WebDriverWait\n            object's timeout\n    \n        Example:\n        --------\n        >>> from selenium.webdriver.common.by import By\n        >>> from selenium.webdriver.support.ui import WebDriverWait\n        >>> from selenium.webdriver.support import expected_conditions as EC\n    \n        # Wait until an element is visible on the page\n        >>> wait = WebDriverWait(driver, 10)\n        >>> element = wait.until(EC.visibility_of_element_located((By.ID, \"exampleId\")))\n        >>> print(element.text)\n        \"\"\"\n        screen = None\n        stacktrace = None\n    \n        end_time = time.monotonic() + self._timeout\n        while True:\n            try:\n                value = method(self._driver)\n                if value:\n                    return value\n            except self._ignored_exceptions as exc:\n                screen = getattr(exc, \"screen\", None)\n                stacktrace = getattr(exc, \"stacktrace\", None)\n            if time.monotonic() > end_time:\n                break\n            time.sleep(self._poll)\n>       raise TimeoutException(message, screen, stacktrace)\nE       selenium.common.exceptions.TimeoutException: Message: \nE       Stacktrace:\nE       RemoteError@chrome://remote/content/shared/RemoteError.sys.mjs:8:8\nE       WebDriverError@chrome://remote/content/shared/webdriver/Errors.sys.mjs:197:5\nE       NoSuchElementError@chrome://remote/content/shared/webdriver/Errors.sys.mjs:527:5\nE       dom.find/</<@chrome://remote/content/shared/DOM.sys.mjs:136:16\n\n/Library/Frameworks/Python.framework/Versions/3.13/lib/python3.13/site-packages/selenium/webdriver/support/wait.py:146: TimeoutException"}, "description": "Проверка корректности отображения текста после раскрытия каждого вопроса в разделе FAQ", "steps": [{"name": "Прокрутить страницу до раздела часто задаваемых вопросов", "status": "passed", "steps": [{"name": "Прокрутить страницу до элемента", "status": "passed", "parameters": [{"name": "locator", "value": "('xpath', '//div[contains(@class, \"Home_FAQ\")]')"}], "start": 1743497246296, "stop": 1743497246317}], "start": 1743497246296, "stop": 1743497246317}, {"name": "Дождаться отображения вопроса в секции FAQ", "status": "passed", "steps": [{"name": "Дождаться видимости элемента на странице", "status": "passed", "parameters": [{"name": "locator", "value": "['xpath', '//div[@id=\"accordion__heading-1\"]/parent::div']"}], "start": 1743497246318, "stop": 1743497246332}], "parameters": [{"name": "data", "value": "2"}], "start": 1743497246318, "stop": 1743497246332}, {"name": "Нажать на вопрос в секции FAQ", "status": "passed", "steps": [{"name": "Выполнить клик по элементу", "status": "passed", "parameters": [{"name": "locator", "value": "['xpath', '//div[@id=\"accordion__heading-1\"]/parent::div']"}], "start": 1743497246332, "stop": 1743497246567}], "parameters": [{"name": "data", "value": "2"}], "start": 1743497246332, "stop": 1743497246567}, {"name": "Дождаться появления ответа на вопрос в секции FAQ", "status": "broken", "statusDetails": {"message": "selenium.common.exceptions.TimeoutException: Message: \nStacktrace:\nRemoteError@chrome://remote/content/shared/RemoteError.sys.mjs:8:8\nWebDriverError@chrome://remote/content/shared/webdriver/Errors.sys.mjs:197:5\nNoSuchElementError@chrome://remote/content/shared/webdriver/Errors.sys.mjs:527:5\ndom.find/</<@chrome://remote/content/shared/DOM.sys.mjs:136:16\n\n", "trace": "  File \"/Library/Frameworks/Python.framework/Versions/3.13/lib/python3.13/site-packages/allure_commons/_allure.py\", line 192, in impl\n    return func(*a, **kw)\n  File \"/Users/Marina/PycharmProjects/Sprint_6/pages/main_page.py\", line 54, in wait_visibility_of_faq_answer\n    self.wait_visibility_of_element(MainPageLocators.ANSWERS[data])\n    ~~~~~~~~~~~~~~~~~~~~~~~~~~~~~~~^^^^^^^^^^^^^^^^^^^^^^^^^^^^^^^^\n  File \"/Library/Frameworks/Python.framework/Versions/3.13/lib/python3.13/site-packages/allure_commons/_allure.py\", line 192, in impl\n    return func(*a, **kw)\n  File \"/Users/Marina/PycharmProjects/Sprint_6/pages/base_page.py\", line 26, in wait_visibility_of_element\n    return WebDriverWait(self.driver, 6).until(expected_conditions.visibility_of_element_located(locator))\n           ~~~~~~~~~~~~~~~~~~~~~~~~~~~~~~~~~~~^^^^^^^^^^^^^^^^^^^^^^^^^^^^^^^^^^^^^^^^^^^^^^^^^^^^^^^^^^^^\n  File \"/Library/Frameworks/Python.framework/Versions/3.13/lib/python3.13/site-packages/selenium/webdriver/support/wait.py\", line 146, in until\n    raise TimeoutException(message, screen, stacktrace)\n"}, "steps": [{"name": "Дождаться видимости элемента на странице", "status": "broken", "statusDetails": {"message": "selenium.common.exceptions.TimeoutException: Message: \nStacktrace:\nRemoteError@chrome://remote/content/shared/RemoteError.sys.mjs:8:8\nWebDriverError@chrome://remote/content/shared/webdriver/Errors.sys.mjs:197:5\nNoSuchElementError@chrome://remote/content/shared/webdriver/Errors.sys.mjs:527:5\ndom.find/</<@chrome://remote/content/shared/DOM.sys.mjs:136:16\n\n", "trace": "  File \"/Library/Frameworks/Python.framework/Versions/3.13/lib/python3.13/site-packages/allure_commons/_allure.py\", line 192, in impl\n    return func(*a, **kw)\n  File \"/Users/Marina/PycharmProjects/Sprint_6/pages/base_page.py\", line 26, in wait_visibility_of_element\n    return WebDriverWait(self.driver, 6).until(expected_conditions.visibility_of_element_located(locator))\n           ~~~~~~~~~~~~~~~~~~~~~~~~~~~~~~~~~~~^^^^^^^^^^^^^^^^^^^^^^^^^^^^^^^^^^^^^^^^^^^^^^^^^^^^^^^^^^^^\n  File \"/Library/Frameworks/Python.framework/Versions/3.13/lib/python3.13/site-packages/selenium/webdriver/support/wait.py\", line 146, in until\n    raise TimeoutException(message, screen, stacktrace)\n"}, "parameters": [{"name": "locator", "value": "('xpath', '//div[@id=\"accordion__paanel-1\"]')"}], "start": 1743497246567, "stop": 1743497252690}], "parameters": [{"name": "data", "value": "2"}], "start": 1743497246567, "stop": 1743497252696}], "parameters": [{"name": "question_number", "value": "2"}, {"name": "expected_answer", "value": "'Пока что у нас так: один заказ — один самокат. Если хотите покататься с друзьями, можете просто сделать несколько заказов — один за другим.'"}], "start": 1743497246296, "stop": 1743497252698, "uuid": "1425fe4a-7f44-40d9-8c57-9b1d8956fcf0", "historyId": "195cf33969bcc701d387c8f6205943ae", "testCaseId": "58c9a58384338e24cf2825463e2685aa", "fullName": "test.test_main_page.TestMainPageFaq#test_click_faq_expand_icons_text_is_expected", "labels": [{"name": "parentSuite", "value": "test"}, {"name": "suite", "value": "test_main_page"}, {"name": "subSuite", "value": "TestMainPageFaq"}, {"name": "host", "value": "MacBook-Pro-Maxim.local"}, {"name": "thread", "value": "8365-MainThread"}, {"name": "framework", "value": "pytest"}, {"name": "language", "value": "cpython3"}, {"name": "package", "value": "test.test_main_page"}]}